2022-12-29 18:05:40,674 [main] INFO  marytts.main Mary starting up...
2022-12-29 18:05:40,674 [main] INFO  marytts.main Specification version 5.0
2022-12-29 18:05:40,674 [main] INFO  marytts.main Implementation version unknown
2022-12-29 18:05:40,674 [main] INFO  marytts.main Running on a Java 17.0.5 implementation by Oracle Corporation, on a Windows 10 platform (amd64, 10.0)
2022-12-29 18:05:40,848 [main] INFO  marytts.ModuleRegistry Now initiating mary module 'marytts.language.de.JTokeniser'
2022-12-29 18:05:40,851 [main] INFO  marytts.ModuleRegistry Now initiating mary module 'marytts.language.de.Preprocess'
2022-12-29 18:05:40,852 [main] INFO  marytts.ModuleRegistry Now initiating mary module 'marytts.modules.OpenNLPPosTagger(de,de.pos)'
2022-12-29 18:05:40,853 [main] INFO  marytts.ModuleRegistry Now initiating mary module 'marytts.language.de.JPhonemiser'
2022-12-29 18:05:40,878 [main] INFO  marytts.ModuleRegistry Now initiating mary module 'marytts.language.de.Prosody'
2022-12-29 18:05:40,881 [main] INFO  marytts.ModuleRegistry Now initiating mary module 'marytts.language.de.Postlex'
2022-12-29 18:05:40,882 [main] INFO  marytts.ModuleRegistry Now initiating mary module 'marytts.modules.SimplePhoneme2AP(de)'
2022-12-29 18:05:40,883 [main] INFO  marytts.ModuleRegistry Now initiating mary module 'marytts.language.en.JTokeniser'
2022-12-29 18:05:40,883 [main] INFO  marytts.ModuleRegistry Now initiating mary module 'marytts.language.en.FreeTTSTokenToWords'
2022-12-29 18:05:40,885 [main] INFO  marytts.ModuleRegistry Now initiating mary module 'marytts.modules.JPhonemiser(en_US.)'
2022-12-29 18:05:40,924 [main] INFO  marytts.ModuleRegistry Now initiating mary module 'marytts.modules.JPhonemiser(en_GB.)'
2022-12-29 18:05:40,956 [main] INFO  marytts.ModuleRegistry Now initiating mary module 'marytts.language.en.Prosody'
2022-12-29 18:05:40,956 [main] INFO  marytts.ModuleRegistry Now initiating mary module 'marytts.modules.SimplePhoneme2AP(en_US)'
2022-12-29 18:05:40,956 [main] INFO  marytts.ModuleRegistry Now initiating mary module 'marytts.language.en.Utt2XMLWordsEn'
2022-12-29 18:05:40,958 [main] INFO  marytts.ModuleRegistry Now initiating mary module 'marytts.language.en.XML2UttTokensEn'
2022-12-29 18:05:40,961 [main] INFO  marytts.ModuleRegistry Now initiating mary module 'marytts.language.en.PronunciationModel'
2022-12-29 18:05:40,961 [main] INFO  marytts.ModuleRegistry Now initiating mary module 'marytts.modules.OpenNLPPosTagger(en,en.pos)'
2022-12-29 18:05:40,961 [main] INFO  marytts.ModuleRegistry Now initiating mary module 'marytts.modules.JPhonemiser(it.)'
2022-12-29 18:05:40,977 [main] INFO  marytts.ModuleRegistry Now initiating mary module 'marytts.modules.MinimalisticPosTagger(it,it.)'
2022-12-29 18:05:40,978 [main] INFO  marytts.ModuleRegistry Now initiating mary module 'marytts.language.ru.Tokenizer'
2022-12-29 18:05:40,979 [main] INFO  marytts.ModuleRegistry Now initiating mary module 'marytts.modules.DummyTokens2Words'
2022-12-29 18:05:40,979 [main] INFO  marytts.ModuleRegistry Now initiating mary module 'marytts.modules.JPhonemiser(ru.)'
2022-12-29 18:05:41,048 [main] INFO  marytts.ModuleRegistry Now initiating mary module 'marytts.modules.ProsodyGeneric'
2022-12-29 18:05:41,048 [main] INFO  marytts.ModuleRegistry Now initiating mary module 'marytts.modules.MinimalisticPosTagger(ru,ru)'
2022-12-29 18:05:41,049 [main] INFO  marytts.ModuleRegistry Now initiating mary module 'marytts.modules.JPhonemiser(sv.)'
2022-12-29 18:05:41,061 [main] INFO  marytts.ModuleRegistry Now initiating mary module 'marytts.modules.MinimalisticPosTagger(sv,sv.)'
2022-12-29 18:05:41,061 [main] INFO  marytts.ModuleRegistry Now initiating mary module 'marytts.language.te.JTokeniser'
2022-12-29 18:05:41,062 [main] INFO  marytts.ModuleRegistry Now initiating mary module 'marytts.modules.DummyTokens2Words'
2022-12-29 18:05:41,062 [main] INFO  marytts.ModuleRegistry Now initiating mary module 'marytts.language.te.JPhonemiser(te.)'
2022-12-29 18:05:41,065 [main] INFO  marytts.ModuleRegistry Now initiating mary module 'marytts.modules.ProsodyGeneric'
2022-12-29 18:05:41,065 [main] INFO  marytts.ModuleRegistry Now initiating mary module 'marytts.modules.MinimalisticPosTagger(te,te)'
2022-12-29 18:05:41,065 [main] INFO  marytts.ModuleRegistry Now initiating mary module 'marytts.modules.JPhonemiser(tr.)'
2022-12-29 18:05:41,066 [main] INFO  marytts.ModuleRegistry Now initiating mary module 'marytts.modules.MinimalisticPosTagger(tr,tr.)'
2022-12-29 18:05:41,066 [main] INFO  marytts.ModuleRegistry Now initiating mary module 'marytts.modules.Synthesis'
2022-12-29 18:05:41,068 [main] INFO  marytts.ModuleRegistry Now initiating mary module 'marytts.modules.TextToMaryXML'
2022-12-29 18:05:41,069 [main] INFO  marytts.ModuleRegistry Now initiating mary module 'marytts.modules.SableParser'
2022-12-29 18:05:41,070 [main] INFO  marytts.ModuleRegistry Now initiating mary module 'marytts.modules.SSMLParser'
2022-12-29 18:05:41,070 [main] INFO  marytts.ModuleRegistry Now initiating mary module 'marytts.modules.APMLParser'
2022-12-29 18:05:41,071 [main] INFO  marytts.ModuleRegistry Now initiating mary module 'marytts.modules.EmotionmlParser'
2022-12-29 18:05:41,072 [main] INFO  marytts.ModuleRegistry Now initiating mary module 'marytts.modules.JTokeniser'
2022-12-29 18:05:41,072 [main] INFO  marytts.ModuleRegistry Now initiating mary module 'marytts.modules.DummyTokens2Words'
2022-12-29 18:05:41,072 [main] INFO  marytts.ModuleRegistry Now initiating mary module 'marytts.modules.ProsodyGeneric'
2022-12-29 18:05:41,072 [main] INFO  marytts.ModuleRegistry Now initiating mary module 'marytts.modules.PronunciationModel'
2022-12-29 18:05:41,072 [main] INFO  marytts.ModuleRegistry Now initiating mary module 'marytts.modules.TargetFeatureLister'
2022-12-29 18:05:41,073 [main] INFO  marytts.ModuleRegistry Now initiating mary module 'marytts.modules.HalfPhoneTargetFeatureLister'
2022-12-29 18:05:41,073 [main] INFO  marytts.ModuleRegistry Now initiating mary module 'marytts.modules.AcousticModeller'
2022-12-29 18:05:41,074 [main] INFO  marytts.ModuleRegistry Now initiating mary module 'marytts.modules.RealisedAcoustparamsExtractor'
2022-12-29 18:05:41,075 [main] INFO  marytts.ModuleRegistry Now initiating mary module 'marytts.modules.RealisedDurationsExtractor'
2022-12-29 18:05:41,075 [main] INFO  marytts.ModuleRegistry Now initiating mary module 'marytts.modules.HTSEngine'
2022-12-29 18:05:41,076 [main] INFO  marytts.ModuleRegistry Now initiating mary module 'marytts.modules.PraatTextGridGenerator'
2022-12-29 18:05:41,078 [main] INFO  marytts.JTokeniser Module started (RAWMARYXML->TOKENS, locale de).
2022-12-29 18:05:41,111 [main] INFO  marytts.JTokeniser Starting power-on self test.
2022-12-29 18:05:41,118 [main] INFO  marytts.JTokeniser Power-on self test complete.
2022-12-29 18:05:41,118 [main] INFO  marytts.Preprocess Module started (TOKENS->WORDS, locale de).
2022-12-29 18:05:41,118 [main] INFO  marytts.Preprocess Starting power-on self test.
2022-12-29 18:05:41,119 [main] INFO  marytts.Preprocess Expanding say-as elements...
2022-12-29 18:05:41,120 [main] INFO  marytts.Preprocess Matching and expanding patterns...
2022-12-29 18:05:41,142 [main] INFO  marytts.Preprocess Done.
2022-12-29 18:05:41,142 [main] INFO  marytts.Preprocess Power-on self test complete.
2022-12-29 18:05:41,142 [main] INFO  marytts.OpenNLPPosTagger Module started (WORDS->PARTSOFSPEECH, locale de).
2022-12-29 18:05:41,449 [main] INFO  marytts.OpenNLPPosTagger Starting power-on self test.
2022-12-29 18:05:41,449 [main] INFO  marytts.OpenNLPPosTagger Power-on self test complete.
2022-12-29 18:05:41,449 [main] INFO  marytts.JPhonemiser_de Module started (PARTSOFSPEECH->PHONEMES, locale de).
2022-12-29 18:05:41,461 [main] INFO  marytts.JPhonemiser_de Starting power-on self test.
2022-12-29 18:05:41,461 [main] INFO  marytts.JPhonemiser_de Power-on self test complete.
2022-12-29 18:05:41,469 [main] INFO  marytts.Prosody Module started (PHONEMES->INTONATION, locale de).
2022-12-29 18:05:41,469 [main] INFO  marytts.Prosody Starting power-on self test.
2022-12-29 18:05:41,469 [main] INFO  marytts.Prosody Power-on self test complete.
2022-12-29 18:05:41,469 [main] INFO  marytts.PronunciationModel Module started (INTONATION->ALLOPHONES, locale de).
2022-12-29 18:05:41,469 [main] INFO  marytts.PronunciationModel Starting power-on self test.
2022-12-29 18:05:41,470 [main] INFO  marytts.PronunciationModel Power-on self test complete.
2022-12-29 18:05:41,470 [main] INFO  marytts.SimplePhoneme2AP Module started (SIMPLEPHONEMES->ACOUSTPARAMS, locale de).
2022-12-29 18:05:41,470 [main] INFO  marytts.SimplePhoneme2AP Starting power-on self test.
2022-12-29 18:05:41,471 [main] INFO  marytts.SimplePhoneme2AP Power-on self test complete.
2022-12-29 18:05:41,471 [main] INFO  marytts.JTokeniser Module started (RAWMARYXML->TOKENS, locale en).
2022-12-29 18:05:41,483 [main] INFO  marytts.JTokeniser Starting power-on self test.
2022-12-29 18:05:41,483 [main] INFO  marytts.JTokeniser Power-on self test complete.
2022-12-29 18:05:41,483 [main] INFO  marytts.TokenToWords Module started (FREETTS_TOKENS->FREETTS_WORDS, locale en).
2022-12-29 18:05:41,484 [main] INFO  marytts.FreeTTSVoices Loading US English FreeTTS voices...
2022-12-29 18:05:41,487 [main] INFO  marytts.FreeTTSVoices done.
2022-12-29 18:05:41,512 [main] INFO  marytts.TokenToWords Starting power-on self test.
2022-12-29 18:05:41,512 [main] INFO  marytts.TokenToWords Power-on self test complete.
2022-12-29 18:05:41,512 [main] INFO  marytts.JPhonemiser Module started (PARTSOFSPEECH->PHONEMES, locale en_US).
2022-12-29 18:05:41,512 [main] INFO  marytts.JPhonemiser Starting power-on self test.
2022-12-29 18:05:41,512 [main] INFO  marytts.JPhonemiser Power-on self test complete.
2022-12-29 18:05:41,512 [main] INFO  marytts.JPhonemiser Module started (PARTSOFSPEECH->PHONEMES, locale en_GB).
2022-12-29 18:05:41,512 [main] INFO  marytts.JPhonemiser Starting power-on self test.
2022-12-29 18:05:41,512 [main] INFO  marytts.JPhonemiser Power-on self test complete.
2022-12-29 18:05:41,515 [main] INFO  marytts.Prosody Module started (PHONEMES->INTONATION, locale en).
2022-12-29 18:05:41,515 [main] INFO  marytts.Prosody Starting power-on self test.
2022-12-29 18:05:41,515 [main] INFO  marytts.Prosody Power-on self test complete.
2022-12-29 18:05:41,515 [main] INFO  marytts.SimplePhoneme2AP Module started (SIMPLEPHONEMES->ACOUSTPARAMS, locale en_US).
2022-12-29 18:05:41,515 [main] INFO  marytts.SimplePhoneme2AP Starting power-on self test.
2022-12-29 18:05:41,516 [main] INFO  marytts.SimplePhoneme2AP Power-on self test complete.
2022-12-29 18:05:41,517 [main] INFO  marytts.Utt2XML WordsEn Module started (FREETTS_WORDS->WORDS, locale en).
2022-12-29 18:05:41,517 [main] INFO  marytts.FreeTTSVoices Loading US English FreeTTS voices...
2022-12-29 18:05:41,517 [main] INFO  marytts.FreeTTSVoices done.
2022-12-29 18:05:41,517 [main] INFO  marytts.Utt2XML WordsEn Starting power-on self test.
2022-12-29 18:05:41,517 [main] INFO  marytts.Utt2XML WordsEn Power-on self test complete.
2022-12-29 18:05:41,517 [main] INFO  marytts.XML2Utt TokensEn Module started (TOKENS->FREETTS_TOKENS, locale en).
2022-12-29 18:05:41,517 [main] INFO  marytts.FreeTTSVoices Loading US English FreeTTS voices...
2022-12-29 18:05:41,517 [main] INFO  marytts.FreeTTSVoices done.
2022-12-29 18:05:41,518 [main] INFO  marytts.XML2Utt TokensEn Starting power-on self test.
2022-12-29 18:05:41,518 [main] INFO  marytts.XML2Utt TokensEn Power-on self test complete.
2022-12-29 18:05:41,518 [main] INFO  marytts.PronunciationModel Module started (INTONATION->ALLOPHONES, locale en).
2022-12-29 18:05:41,518 [main] INFO  marytts.PronunciationModel Starting power-on self test.
2022-12-29 18:05:41,518 [main] INFO  marytts.PronunciationModel Power-on self test complete.
2022-12-29 18:05:41,518 [main] INFO  marytts.OpenNLPPosTagger Module started (WORDS->PARTSOFSPEECH, locale en).
2022-12-29 18:05:41,903 [main] INFO  marytts.OpenNLPPosTagger Starting power-on self test.
2022-12-29 18:05:41,904 [main] INFO  marytts.OpenNLPPosTagger Power-on self test complete.
2022-12-29 18:05:41,904 [main] INFO  marytts.JPhonemiser Module started (PARTSOFSPEECH->PHONEMES, locale it).
2022-12-29 18:05:41,904 [main] INFO  marytts.JPhonemiser Starting power-on self test.
2022-12-29 18:05:41,904 [main] INFO  marytts.JPhonemiser Power-on self test complete.
2022-12-29 18:05:41,904 [main] INFO  marytts.OpenNLPPosTagger Module started (WORDS->PARTSOFSPEECH, locale it).
2022-12-29 18:05:41,905 [main] INFO  marytts.OpenNLPPosTagger Starting power-on self test.
2022-12-29 18:05:41,905 [main] INFO  marytts.OpenNLPPosTagger Power-on self test complete.
2022-12-29 18:05:41,905 [main] INFO  marytts.JTokeniser Module started (RAWMARYXML->TOKENS, locale ru).
2022-12-29 18:05:41,917 [main] INFO  marytts.JTokeniser Starting power-on self test.
2022-12-29 18:05:41,919 [main] INFO  marytts.JTokeniser Power-on self test complete.
2022-12-29 18:05:41,919 [main] INFO  marytts.DummyTokens2Words Module started (TOKENS->WORDS, locale null).
2022-12-29 18:05:41,919 [main] INFO  marytts.DummyTokens2Words Starting power-on self test.
2022-12-29 18:05:41,920 [main] INFO  marytts.DummyTokens2Words Power-on self test complete.
2022-12-29 18:05:41,920 [main] INFO  marytts.JPhonemiser Module started (PARTSOFSPEECH->PHONEMES, locale ru).
2022-12-29 18:05:41,920 [main] INFO  marytts.JPhonemiser Starting power-on self test.
2022-12-29 18:05:41,920 [main] INFO  marytts.JPhonemiser Power-on self test complete.
2022-12-29 18:05:41,922 [main] INFO  marytts.Prosody Module started (PHONEMES->INTONATION, locale null).
2022-12-29 18:05:41,922 [main] INFO  marytts.Prosody Starting power-on self test.
2022-12-29 18:05:41,922 [main] INFO  marytts.Prosody Power-on self test complete.
2022-12-29 18:05:41,922 [main] INFO  marytts.OpenNLPPosTagger Module started (WORDS->PARTSOFSPEECH, locale ru).
2022-12-29 18:05:41,923 [main] INFO  marytts.OpenNLPPosTagger Starting power-on self test.
2022-12-29 18:05:41,923 [main] INFO  marytts.OpenNLPPosTagger Power-on self test complete.
2022-12-29 18:05:41,923 [main] INFO  marytts.JPhonemiser Module started (PARTSOFSPEECH->PHONEMES, locale sv).
2022-12-29 18:05:41,923 [main] INFO  marytts.JPhonemiser Starting power-on self test.
2022-12-29 18:05:41,923 [main] INFO  marytts.JPhonemiser Power-on self test complete.
2022-12-29 18:05:41,923 [main] INFO  marytts.OpenNLPPosTagger Module started (WORDS->PARTSOFSPEECH, locale sv).
2022-12-29 18:05:41,924 [main] INFO  marytts.OpenNLPPosTagger Starting power-on self test.
2022-12-29 18:05:41,924 [main] INFO  marytts.OpenNLPPosTagger Power-on self test complete.
2022-12-29 18:05:41,924 [main] INFO  marytts.JTokeniser Module started (RAWMARYXML->TOKENS, locale te).
2022-12-29 18:05:41,931 [main] INFO  marytts.JTokeniser Starting power-on self test.
2022-12-29 18:05:41,933 [main] INFO  marytts.JTokeniser Power-on self test complete.
2022-12-29 18:05:41,933 [main] INFO  marytts.DummyTokens2Words Module started (TOKENS->WORDS, locale null).
2022-12-29 18:05:41,933 [main] INFO  marytts.DummyTokens2Words Starting power-on self test.
2022-12-29 18:05:41,933 [main] INFO  marytts.DummyTokens2Words Power-on self test complete.
2022-12-29 18:05:41,933 [main] INFO  marytts.JPhonemiser Module started (PARTSOFSPEECH->PHONEMES, locale te).
2022-12-29 18:05:41,933 [main] INFO  marytts.JPhonemiser Starting power-on self test.
2022-12-29 18:05:41,933 [main] INFO  marytts.JPhonemiser Power-on self test complete.
2022-12-29 18:05:41,935 [main] INFO  marytts.Prosody Module started (PHONEMES->INTONATION, locale null).
2022-12-29 18:05:41,935 [main] INFO  marytts.Prosody Starting power-on self test.
2022-12-29 18:05:41,935 [main] INFO  marytts.Prosody Power-on self test complete.
2022-12-29 18:05:41,935 [main] INFO  marytts.OpenNLPPosTagger Module started (WORDS->PARTSOFSPEECH, locale te).
2022-12-29 18:05:41,936 [main] INFO  marytts.OpenNLPPosTagger Starting power-on self test.
2022-12-29 18:05:41,936 [main] INFO  marytts.OpenNLPPosTagger Power-on self test complete.
2022-12-29 18:05:41,936 [main] INFO  marytts.JPhonemiser Module started (PARTSOFSPEECH->PHONEMES, locale tr).
2022-12-29 18:05:41,936 [main] INFO  marytts.JPhonemiser Starting power-on self test.
2022-12-29 18:05:41,936 [main] INFO  marytts.JPhonemiser Power-on self test complete.
2022-12-29 18:05:41,936 [main] INFO  marytts.OpenNLPPosTagger Module started (WORDS->PARTSOFSPEECH, locale tr).
2022-12-29 18:05:41,937 [main] INFO  marytts.OpenNLPPosTagger Starting power-on self test.
2022-12-29 18:05:41,937 [main] INFO  marytts.OpenNLPPosTagger Power-on self test complete.
2022-12-29 18:05:41,939 [main] INFO  marytts.UnitSelectionSynthesizer started.
2022-12-29 18:05:41,940 [main] INFO  marytts.TargetFeatureLister Module started (ACOUSTPARAMS->TARGETFEATURES, locale null).
2022-12-29 18:05:41,940 [main] INFO  marytts.HTSEngine Module started (TARGETFEATURES->AUDIO, locale null).
2022-12-29 18:05:41,957 [main] INFO  marytts.HMMData Loading Tree Set in CARTs:
2022-12-29 18:05:41,991 [main] INFO  marytts.HMMData Loading GV Model Set:
2022-12-29 18:05:42,086 [main] INFO  marytts.Voice Registering voice `cmu-slt-hsmm': female, locale en_US
2022-12-29 18:05:42,094 [main] INFO  marytts.Voice New default voice for locale en_US: cmu-slt-hsmm (desire 0)
2022-12-29 18:05:42,094 [main] INFO  marytts.HMMSynthesizer started.
2022-12-29 18:05:42,094 [main] INFO  marytts.Synthesis Module started (ACOUSTPARAMS->AUDIO, locale null).
2022-12-29 18:05:42,094 [main] INFO  marytts.HMMSynthesizer Starting power-on self test.
2022-12-29 18:05:42,103 [main] INFO  marytts.HTSEngine Using prosody from acoustparams.
2022-12-29 18:05:42,104 [main] INFO  marytts.HTSEngine Number of models in sentence numModel=7  Total number of states numState=35
2022-12-29 18:05:42,104 [main] INFO  marytts.HTSEngine Total number of frames=147  Number of voiced frames=89
2022-12-29 18:05:42,108 [main] INFO  marytts.ParameterGeneration Parameter generation for MGC: 
2022-12-29 18:05:42,108 [main] INFO  marytts.PStream Context-dependent global variance optimization: gvLength = 107
2022-12-29 18:05:42,111 [main] INFO  marytts.PStream Gradient GV optimization for feature: (0)  number of iterations=23
2022-12-29 18:05:42,116 [main] INFO  marytts.PStream Gradient GV optimization for feature: (1)  number of iterations=54
2022-12-29 18:05:42,119 [main] INFO  marytts.PStream Gradient GV optimization for feature: (2)  number of iterations=47
2022-12-29 18:05:42,120 [main] INFO  marytts.PStream Gradient GV optimization for feature: (3)  number of iterations=20
2022-12-29 18:05:42,121 [main] INFO  marytts.PStream Gradient GV optimization for feature: (4)  number of iterations=13
2022-12-29 18:05:42,122 [main] INFO  marytts.PStream Gradient GV optimization for feature: (5)  number of iterations=21
2022-12-29 18:05:42,123 [main] INFO  marytts.PStream Gradient GV optimization for feature: (6)  number of iterations=7
2022-12-29 18:05:42,124 [main] INFO  marytts.PStream Gradient GV optimization for feature: (7)  number of iterations=4
2022-12-29 18:05:42,125 [main] INFO  marytts.PStream Gradient GV optimization for feature: (8)  number of iterations=11
2022-12-29 18:05:42,126 [main] INFO  marytts.PStream Gradient GV optimization for feature: (9)  number of iterations=19
2022-12-29 18:05:42,126 [main] INFO  marytts.PStream Gradient GV optimization for feature: (10)  number of iterations=16
2022-12-29 18:05:42,127 [main] INFO  marytts.PStream Gradient GV optimization for feature: (11)  number of iterations=8
2022-12-29 18:05:42,127 [main] INFO  marytts.PStream Gradient GV optimization for feature: (12)  number of iterations=2
2022-12-29 18:05:42,127 [main] INFO  marytts.PStream Gradient GV optimization for feature: (13)  number of iterations=13
2022-12-29 18:05:42,128 [main] INFO  marytts.PStream Gradient GV optimization for feature: (14)  number of iterations=13
2022-12-29 18:05:42,128 [main] INFO  marytts.PStream Gradient GV optimization for feature: (15)  number of iterations=18
2022-12-29 18:05:42,129 [main] INFO  marytts.PStream Gradient GV optimization for feature: (16)  number of iterations=14
2022-12-29 18:05:42,129 [main] INFO  marytts.PStream Gradient GV optimization for feature: (17)  number of iterations=16
2022-12-29 18:05:42,130 [main] INFO  marytts.PStream Gradient GV optimization for feature: (18)  number of iterations=17
2022-12-29 18:05:42,130 [main] INFO  marytts.PStream Gradient GV optimization for feature: (19)  number of iterations=12
2022-12-29 18:05:42,131 [main] INFO  marytts.PStream Gradient GV optimization for feature: (20)  number of iterations=16
2022-12-29 18:05:42,131 [main] INFO  marytts.PStream Gradient GV optimization for feature: (21)  number of iterations=14
2022-12-29 18:05:42,131 [main] INFO  marytts.PStream Gradient GV optimization for feature: (22)  number of iterations=12
2022-12-29 18:05:42,132 [main] INFO  marytts.PStream Gradient GV optimization for feature: (23)  number of iterations=18
2022-12-29 18:05:42,132 [main] INFO  marytts.PStream Gradient GV optimization for feature: (24)  number of iterations=12
2022-12-29 18:05:42,132 [main] INFO  marytts.PStream Gradient GV optimization for feature: (25)  number of iterations=10
2022-12-29 18:05:42,133 [main] INFO  marytts.PStream Gradient GV optimization for feature: (26)  number of iterations=13
2022-12-29 18:05:42,133 [main] INFO  marytts.PStream Gradient GV optimization for feature: (27)  number of iterations=10
2022-12-29 18:05:42,134 [main] INFO  marytts.PStream Gradient GV optimization for feature: (28)  number of iterations=13
2022-12-29 18:05:42,134 [main] INFO  marytts.PStream Gradient GV optimization for feature: (29)  number of iterations=8
2022-12-29 18:05:42,134 [main] INFO  marytts.PStream Gradient GV optimization for feature: (30)  number of iterations=8
2022-12-29 18:05:42,135 [main] INFO  marytts.PStream Gradient GV optimization for feature: (31)  number of iterations=14
2022-12-29 18:05:42,135 [main] INFO  marytts.PStream Gradient GV optimization for feature: (32)  number of iterations=8
2022-12-29 18:05:42,135 [main] INFO  marytts.PStream Gradient GV optimization for feature: (33)  number of iterations=8
2022-12-29 18:05:42,136 [main] INFO  marytts.PStream Gradient GV optimization for feature: (34)  number of iterations=14
2022-12-29 18:05:42,136 [main] INFO  marytts.ParameterGeneration Using f0 from maryXML acoustparams
2022-12-29 18:05:42,136 [main] INFO  marytts.PStream Context-dependent global variance optimization: gvLength = 107
2022-12-29 18:05:42,136 [main] INFO  marytts.PStream Gradient GV optimization for feature: (0)  number of iterations=16
2022-12-29 18:05:42,137 [main] INFO  marytts.PStream Gradient GV optimization for feature: (1)  number of iterations=2
2022-12-29 18:05:42,137 [main] INFO  marytts.PStream Gradient GV optimization for feature: (2)  number of iterations=33
2022-12-29 18:05:42,138 [main] INFO  marytts.PStream Gradient GV optimization for feature: (3)  number of iterations=8
2022-12-29 18:05:42,138 [main] INFO  marytts.PStream Gradient GV optimization for feature: (4)  number of iterations=26
2022-12-29 18:05:42,143 [main] INFO  marytts.HMMSynthesizer Power-on self test complete.
2022-12-29 18:05:42,144 [main] INFO  marytts.TextToMaryXML Module started (TEXT->RAWMARYXML, locale null).
2022-12-29 18:05:42,144 [main] INFO  marytts.TextToMaryXML Starting power-on self test.
2022-12-29 18:05:42,144 [main] INFO  marytts.TextToMaryXML Power-on self test complete.
2022-12-29 18:05:42,385 [main] INFO  marytts.SableParser Module started (SABLE->RAWMARYXML, locale null).
2022-12-29 18:05:42,385 [main] INFO  marytts.SableParser Starting power-on self test.
2022-12-29 18:05:42,385 [main] INFO  marytts.SableParser Power-on self test complete.
2022-12-29 18:05:42,438 [main] INFO  marytts.SSMLParser Module started (SSML->RAWMARYXML, locale null).
2022-12-29 18:05:42,438 [main] INFO  marytts.SSMLParser Starting power-on self test.
2022-12-29 18:05:42,438 [main] INFO  marytts.SSMLParser Power-on self test complete.
2022-12-29 18:05:42,474 [main] INFO  marytts.APMLParser Module started (APML->RAWMARYXML, locale null).
2022-12-29 18:05:42,474 [main] INFO  marytts.APMLParser Starting power-on self test.
2022-12-29 18:05:42,475 [main] INFO  marytts.APMLParser Power-on self test complete.
2022-12-29 18:05:42,497 [main] INFO  marytts.EmotionmlParser Module started (EMOTIONML->RAWMARYXML, locale null).
2022-12-29 18:05:42,497 [main] INFO  marytts.EmotionmlParser Starting power-on self test.
2022-12-29 18:05:42,497 [main] INFO  marytts.EmotionmlParser Power-on self test complete.
2022-12-29 18:05:42,497 [main] INFO  marytts.JTokeniser Module started (RAWMARYXML->TOKENS, locale null).
2022-12-29 18:05:42,504 [main] INFO  marytts.JTokeniser Starting power-on self test.
2022-12-29 18:05:42,504 [main] INFO  marytts.JTokeniser Power-on self test complete.
2022-12-29 18:05:42,504 [main] INFO  marytts.DummyTokens2Words Module started (TOKENS->WORDS, locale null).
2022-12-29 18:05:42,504 [main] INFO  marytts.DummyTokens2Words Starting power-on self test.
2022-12-29 18:05:42,504 [main] INFO  marytts.DummyTokens2Words Power-on self test complete.
2022-12-29 18:05:42,506 [main] INFO  marytts.Prosody Module started (PHONEMES->INTONATION, locale null).
2022-12-29 18:05:42,506 [main] INFO  marytts.Prosody Starting power-on self test.
2022-12-29 18:05:42,506 [main] INFO  marytts.Prosody Power-on self test complete.
2022-12-29 18:05:42,506 [main] INFO  marytts.PronunciationModel Module started (INTONATION->ALLOPHONES, locale null).
2022-12-29 18:05:42,506 [main] INFO  marytts.PronunciationModel Starting power-on self test.
2022-12-29 18:05:42,507 [main] INFO  marytts.PronunciationModel Power-on self test complete.
2022-12-29 18:05:42,507 [main] INFO  marytts.TargetFeatureLister Starting power-on self test.
2022-12-29 18:05:42,507 [main] INFO  marytts.TargetFeatureLister Power-on self test complete.
2022-12-29 18:05:42,507 [main] INFO  marytts.TargetFeatureLister Module started (ACOUSTPARAMS->HALFPHONE_TARGETFEATURES, locale null).
2022-12-29 18:05:42,507 [main] INFO  marytts.TargetFeatureLister Starting power-on self test.
2022-12-29 18:05:42,507 [main] INFO  marytts.TargetFeatureLister Power-on self test complete.
2022-12-29 18:05:42,507 [main] INFO  marytts.AcousticModeller Module started (ALLOPHONES->ACOUSTPARAMS, locale null).
2022-12-29 18:05:42,507 [main] INFO  marytts.AcousticModeller Starting power-on self test.
2022-12-29 18:05:42,507 [main] INFO  marytts.AcousticModeller Power-on self test complete.
2022-12-29 18:05:42,507 [main] INFO  marytts.Realised acoustparams extractor Module started (AUDIO->REALISED_ACOUSTPARAMS, locale null).
2022-12-29 18:05:42,507 [main] INFO  marytts.Realised acoustparams extractor Starting power-on self test.
2022-12-29 18:05:42,507 [main] INFO  marytts.Realised acoustparams extractor Power-on self test complete.
2022-12-29 18:05:42,507 [main] INFO  marytts.Realised durations extractor Module started (AUDIO->REALISED_DURATIONS, locale null).
2022-12-29 18:05:42,507 [main] INFO  marytts.Realised durations extractor Starting power-on self test.
2022-12-29 18:05:42,507 [main] INFO  marytts.Realised durations extractor Power-on self test complete.
2022-12-29 18:05:42,507 [main] INFO  marytts.Praat TextGrid generator Module started (AUDIO->PRAAT_TEXTGRID, locale null).
2022-12-29 18:05:42,507 [main] INFO  marytts.Praat TextGrid generator Starting power-on self test.
2022-12-29 18:05:42,507 [main] INFO  marytts.Praat TextGrid generator Power-on self test complete.
2022-12-29 18:05:42,508 [main] INFO  marytts.main Startup complete.
2022-12-29 18:05:42,511 [main] INFO  marytts.server Starting server.
2022-12-29 18:05:42,529 [main] INFO  marytts.server Waiting for client to connect on port 59125
